2024-09-29 21:44:34,340 - INFO - Saved EMA sentiment over time visualization as 'sentiment_ema_over_time_yeast_extract.png'.
2024-09-29 21:44:37,776 - INFO - Saved stacked sentiment per thread visualization as 'stacked_sentiment_per_thread_yeast_extract.png'.
2024-09-29 21:44:41,108 - INFO - Saved stacked bar graph as 'stacked_bar_yeast_extract.png'.
2024-09-29 21:44:41,259 - INFO - Saved EMA of sentiment visualization as 'ema_sentiment_yeast_extract.png'.
2024-09-29 21:44:41,416 - INFO - Saved EMA of alternate score visualization as 'ema_alternate_score_yeast_extract.png'.
2024-09-29 21:44:41,566 - INFO - Saved sentiment distribution visualization as 'sentiment_distribution_yeast_extract.png'.
2024-09-29 21:44:42,276 - INFO - Saved word cloud visualization as 'word_cloud_yeast_extract.png'.
2024-09-29 21:44:42,464 - INFO - Saved time-based activity visualization as 'time_based_activity_yeast_extract.png'.
2024-09-29 21:44:42,464 - INFO - Average depth for 'yeast extract' is 3.69
2024-09-29 21:44:42,629 - INFO - Saved depth distribution visualization as 'depth_distribution_yeast_extract.png'.
2024-09-29 21:44:42,840 - INFO - Saved top contributors visualization as 'top_contributors_yeast_extract.png'.
2024-09-29 21:44:43,561 - INFO - Saved word frequency analysis visualization as 'word_frequency_analysis_yeast_extract.png'.
2024-09-29 21:44:44,282 - INFO - Saved EMA sentiment over time visualization as 'sentiment_ema_over_time_natural_flavoring.png'.
2024-09-29 21:47:24,530 - INFO - Saved stacked sentiment per thread visualization as 'stacked_sentiment_per_thread_natural_flavoring.png'.
2024-09-29 21:50:29,178 - INFO - Saved stacked bar graph as 'stacked_bar_natural_flavoring.png'.
2024-09-29 21:50:29,464 - INFO - Saved EMA of sentiment visualization as 'ema_sentiment_natural_flavoring.png'.
2024-09-29 21:50:29,638 - INFO - Saved EMA of alternate score visualization as 'ema_alternate_score_natural_flavoring.png'.
2024-09-29 21:50:29,825 - INFO - Saved sentiment distribution visualization as 'sentiment_distribution_natural_flavoring.png'.
2024-09-29 21:50:30,743 - INFO - Saved word cloud visualization as 'word_cloud_natural_flavoring.png'.
2024-09-29 21:50:31,001 - INFO - Saved time-based activity visualization as 'time_based_activity_natural_flavoring.png'.
2024-09-29 21:50:31,002 - INFO - Average depth for 'natural flavoring' is 2.30
2024-09-29 21:50:31,153 - INFO - Saved depth distribution visualization as 'depth_distribution_natural_flavoring.png'.
2024-09-29 21:50:31,350 - INFO - Saved top contributors visualization as 'top_contributors_natural_flavoring.png'.
2024-09-29 21:50:32,164 - INFO - Saved word frequency analysis visualization as 'word_frequency_analysis_natural_flavoring.png'.
2024-09-29 21:50:32,483 - INFO - Saved EMA sentiment over time visualization as 'sentiment_ema_over_time_aroma.png'.
2024-09-29 21:51:20,961 - INFO - Saved stacked sentiment per thread visualization as 'stacked_sentiment_per_thread_aroma.png'.
2024-09-29 21:51:37,034 - INFO - Saved stacked bar graph as 'stacked_bar_aroma.png'.
2024-09-29 21:51:37,208 - INFO - Saved EMA of sentiment visualization as 'ema_sentiment_aroma.png'.
2024-09-29 21:51:37,374 - INFO - Saved EMA of alternate score visualization as 'ema_alternate_score_aroma.png'.
2024-09-29 21:51:37,546 - INFO - Saved sentiment distribution visualization as 'sentiment_distribution_aroma.png'.
2024-09-29 21:51:38,317 - INFO - Saved word cloud visualization as 'word_cloud_aroma.png'.
2024-09-29 21:51:38,499 - INFO - Saved time-based activity visualization as 'time_based_activity_aroma.png'.
2024-09-29 21:51:38,500 - INFO - Average depth for 'aroma' is 1.47
2024-09-29 21:51:38,665 - INFO - Saved depth distribution visualization as 'depth_distribution_aroma.png'.
2024-09-29 21:51:38,918 - INFO - Saved top contributors visualization as 'top_contributors_aroma.png'.
2024-09-29 21:51:39,652 - INFO - Saved word frequency analysis visualization as 'word_frequency_analysis_aroma.png'.
2024-09-29 21:51:40,209 - INFO - Saved EMA sentiment over time visualization as 'sentiment_ema_over_time_polyphenols.png'.
2024-09-29 21:53:36,705 - INFO - Saved stacked sentiment per thread visualization as 'stacked_sentiment_per_thread_polyphenols.png'.
2024-09-29 21:55:58,998 - INFO - Saved stacked bar graph as 'stacked_bar_polyphenols.png'.
2024-09-29 21:56:00,488 - INFO - Saved EMA of sentiment visualization as 'ema_sentiment_polyphenols.png'.
2024-09-29 21:56:00,689 - INFO - Saved EMA of alternate score visualization as 'ema_alternate_score_polyphenols.png'.
2024-09-29 21:56:00,946 - INFO - Saved sentiment distribution visualization as 'sentiment_distribution_polyphenols.png'.
2024-09-29 21:56:01,814 - INFO - Saved word cloud visualization as 'word_cloud_polyphenols.png'.
2024-09-29 21:56:02,022 - INFO - Saved time-based activity visualization as 'time_based_activity_polyphenols.png'.
2024-09-29 21:56:02,023 - INFO - Average depth for 'polyphenols' is 2.69
2024-09-29 21:56:02,172 - INFO - Saved depth distribution visualization as 'depth_distribution_polyphenols.png'.
2024-09-29 21:56:02,373 - INFO - Saved top contributors visualization as 'top_contributors_polyphenols.png'.
2024-09-29 21:56:03,239 - INFO - Saved word frequency analysis visualization as 'word_frequency_analysis_polyphenols.png'.
